[debug] ----------------------------------------------------------------------
[debug] Command:      /usr/bin/node /usr/bin/firebase serve
[debug] CLI Version:  3.1.0
[debug] Platform:     linux
[debug] Node Version: v7.5.0
[debug] Time:         Sun Feb 19 2017 09:10:46 GMT-0500 (EST)
[debug] ----------------------------------------------------------------------
[debug] 
[info] Starting Firebase development server...
[info] 
[info] Project Directory: /home/roberto/SmartHive
[debug] TypeError: Cannot read property 'public' of undefined
    at Server.<anonymous> (/usr/lib/node_modules/firebase-tools/commands/serve.js:26:15)
    at Object.onceWrapper (events.js:291:19)
    at emitNone (events.js:86:13)
    at Server.emit (events.js:186:7)
    at emitListeningNT (net.js:1287:10)
    at _combinedTickCallback (internal/process/next_tick.js:71:11)
    at process._tickCallback (internal/process/next_tick.js:98:9)
[error] 
[error] Error: An unexpected error has occurred.
[debug] ----------------------------------------------------------------------
[debug] Command:      /usr/bin/node /usr/bin/firebase serve
[debug] CLI Version:  3.1.0
[debug] Platform:     linux
[debug] Node Version: v7.5.0
[debug] Time:         Sun Feb 19 2017 09:11:01 GMT-0500 (EST)
[debug] ----------------------------------------------------------------------
[debug] 
[info] Starting Firebase development server...
[info] 
[info] Project Directory: /home/roberto/SmartHive
[debug] TypeError: Cannot read property 'public' of undefined
    at Server.<anonymous> (/usr/lib/node_modules/firebase-tools/commands/serve.js:26:15)
    at Object.onceWrapper (events.js:291:19)
    at emitNone (events.js:86:13)
    at Server.emit (events.js:186:7)
    at emitListeningNT (net.js:1287:10)
    at _combinedTickCallback (internal/process/next_tick.js:71:11)
    at process._tickCallback (internal/process/next_tick.js:98:9)
[error] 
[error] Error: An unexpected error has occurred.
[debug] ----------------------------------------------------------------------
[debug] Command:      /usr/bin/node /usr/bin/firebase serve -p 40000
[debug] CLI Version:  3.1.0
[debug] Platform:     linux
[debug] Node Version: v7.5.0
[debug] Time:         Sun Feb 19 2017 09:12:54 GMT-0500 (EST)
[debug] ----------------------------------------------------------------------
[debug] 
[info] Starting Firebase development server...
[info] 
[info] Project Directory: /home/roberto/SmartHive
[debug] TypeError: Cannot read property 'public' of undefined
    at Server.<anonymous> (/usr/lib/node_modules/firebase-tools/commands/serve.js:26:15)
    at Object.onceWrapper (events.js:291:19)
    at emitNone (events.js:86:13)
    at Server.emit (events.js:186:7)
    at emitListeningNT (net.js:1287:10)
    at _combinedTickCallback (internal/process/next_tick.js:71:11)
    at process._tickCallback (internal/process/next_tick.js:98:9)
[error] 
[error] Error: An unexpected error has occurred.
[debug] ----------------------------------------------------------------------
[debug] Command:      /usr/bin/node /usr/bin/firebase serve
[debug] CLI Version:  3.1.0
[debug] Platform:     linux
[debug] Node Version: v7.5.0
[debug] Time:         Sun Feb 19 2017 09:13:39 GMT-0500 (EST)
[debug] ----------------------------------------------------------------------
[debug] 
[info] Starting Firebase development server...
[info] 
[info] Project Directory: /home/roberto/SmartHive
[debug] TypeError: Cannot read property 'public' of undefined
    at Server.<anonymous> (/usr/lib/node_modules/firebase-tools/commands/serve.js:26:15)
    at Object.onceWrapper (events.js:291:19)
    at emitNone (events.js:86:13)
    at Server.emit (events.js:186:7)
    at emitListeningNT (net.js:1287:10)
    at _combinedTickCallback (internal/process/next_tick.js:71:11)
    at process._tickCallback (internal/process/next_tick.js:98:9)
[error] 
[error] Error: An unexpected error has occurred.
[debug] ----------------------------------------------------------------------
[debug] Command:      /usr/bin/node /usr/bin/firebase serve
[debug] CLI Version:  3.1.0
[debug] Platform:     linux
[debug] Node Version: v7.5.0
[debug] Time:         Sun Feb 19 2017 09:15:14 GMT-0500 (EST)
[debug] ----------------------------------------------------------------------
[debug] 
[warn] ⚠  Deprecation Warning: Firebase Hosting configuration should be moved under "hosting" key.
[info] Starting Firebase development server...
[info] 
[info] Project Directory: /home/roberto/SmartHive
[info] 
[info] Server listening at: http://localhost:5000
